Elapsed Time with Thread usleep (ms)
50.479
62.609
51.554
51.001
51.009
50.998
51.203
51.115
51.267
50.418
50.756
51.557
51.777
50.289
53.802
54.914
50.802
50.648
51.904
50.334
50.475
50.164
52.180
52.308
51.386
50.803
50.633
50.886
50.510
57.464
50.326
51.882
50.331
52.169
50.438
50.610
50.865
50.424
50.686
52.892
59.622
50.738
52.381
50.348
52.662
50.451
51.842
58.135
50.739
50.161
50.825
51.353
50.998
51.738
55.451
55.884
50.294
50.127
52.289
57.080
51.091
50.682
53.863
50.138
52.137
51.486
51.357
54.733
54.252
51.421
52.459
52.280
54.473
57.653
53.361
51.944
50.643
51.140
52.033
55.071
53.290
51.377
52.548
51.065
53.749
59.751
58.161
55.367
52.439
50.277
50.760
51.471
51.023
58.118
54.002
50.725
51.512
51.483
50.253
50.233
50.592
51.455
50.162
50.115
55.851
53.353
50.037
50.078
50.490
50.181
50.652
50.936
52.070
52.030
54.150
55.983
52.871
51.956
51.098
57.694
50.370
50.277
50.118
51.497
50.571
52.189
52.406
51.330
50.138
50.110
51.488
52.357
56.224
50.090
59.898
50.418
52.265
50.303
53.425
61.765
50.179
50.055
50.842
50.179
50.385
52.907
50.622
53.713
51.111
50.611
52.116
55.478
51.392
50.463
50.908
53.010
50.344
52.459
51.204
50.816
51.233
50.077
50.083
50.358
50.154
50.141
51.933
53.949
50.511
50.229
50.556
51.274
53.189
71.893
50.374
50.356
50.370
50.196
50.089
50.693
50.433
50.378
57.029
54.244
53.561
50.320
53.224
50.500
56.751
51.312
57.798
50.327
53.715
50.344
54.205
50.248
57.153
50.816
50.808
50.138
50.304
53.160
50.788
51.323
51.158
55.487
50.553
50.776
50.536
54.883
50.310
51.827
51.040
50.917
50.433
58.767
50.975
51.746
50.774
57.045
56.407
53.079
50.743
52.544
51.252
52.071
50.797
52.687
52.106
52.546
51.458
53.401
50.904
50.723
53.698
55.101
50.699
50.208
51.395
51.764
50.292
52.340
50.503
51.363
55.009
50.916
50.777
50.351
51.452
50.146
50.097
56.336
50.938
50.686
52.431
50.456
50.330
50.233
50.190
51.029
51.749
51.152
51.356
51.252
50.948
51.019
50.472
56.994
50.510
51.327
50.422
50.393
50.158
51.259
50.325
50.796
50.603
53.356
50.185
54.876
50.104
50.162
54.928
50.907
50.403
50.501
57.381
51.261
55.500
50.132
50.643
50.995
50.445
54.354
51.749
50.900
51.101
50.219
52.535
52.296
50.082
52.162
50.299
56.256
50.396
50.743
51.291
51.522
50.106
50.062
50.249
50.667
51.231
50.402
56.217
50.119
50.349
50.092
51.187
50.508
51.479
50.129
52.483
50.457
50.841
50.295
50.434
50.892
50.204
50.359
50.506
50.640
50.833
51.108
50.304
50.558
50.289
50.597
50.093
52.666
50.770
51.567
51.867
52.039
50.243
50.029
50.090
50.478
50.230
50.424
50.714
50.275
50.052
50.046
51.443
50.492
50.057
50.308
50.699
50.610
51.370
50.331
50.188
50.326
52.797
50.227
51.254
50.245
55.443
50.486
51.489
50.099
50.679
50.784
54.498
50.666
51.164
50.938
52.718
55.053
51.340
51.413
50.837
51.004
50.210
50.692
50.193
51.440
53.559
50.070
53.471
50.170
50.097
50.211
50.396
50.135
50.346
50.771
50.420
51.547
50.288
50.388
55.482
50.877
51.695
50.333
50.078
58.385
51.293
51.602
50.652
50.152
50.079
56.019
54.017
51.095
50.400
50.253
50.805
57.214
50.815
55.036
50.043
52.710
51.040
52.762
50.621
52.216
50.949
51.232
50.502
50.359
50.923
50.531
50.673
50.414
52.388
50.248
50.963
51.020
51.091
50.533
50.568
50.948
51.000
51.324
51.196
51.240
51.001
50.476
51.917
50.150
50.309
50.349
50.407
50.106
50.630
50.577
50.350
50.208
53.694
52.177
52.633
55.423
51.279
50.164
50.371
50.458
50.165
52.654
51.248
54.830
52.137
50.546
50.106
50.524
50.293
51.801
52.080
51.284
51.408
53.634
52.668
52.167
50.875
50.139
50.460
51.056
53.643
50.649
51.262
50.666
52.026
52.937
56.892
50.102
54.042
50.569
56.616
50.470
56.262
50.254
51.713
51.173
50.736
51.952
50.769
50.789
69.804
50.471
50.174
56.183
50.739
54.548
50.676
56.572
50.337
51.488
51.655
55.604
50.962
55.940
50.232
50.358
50.083
50.353
50.391
50.567
50.765
50.417
50.440
50.302
50.135
50.448
51.573
50.086
57.123
50.113
54.950
51.485
51.031
57.241
51.015
61.434
50.466
57.430
51.443
50.497
50.368
51.063
50.836
50.329
55.794
50.154
56.761
50.270
53.133
51.465
50.765
50.213
51.645
51.722
50.055
53.251
50.866
50.172
50.665
50.359
51.582
53.889
55.794
51.356
53.814
50.892
55.522
50.095
51.987
53.792
50.996
54.622
50.098
53.014
50.882
50.317
50.351
51.066
52.659
50.562
55.777
50.738
54.358
50.042
54.286
51.048
55.855
50.184
56.894
50.232
55.133
50.831
51.284
56.686
50.400
50.141
50.686
50.647
57.223
51.073
51.208
51.847
51.096
50.165
51.136
51.546
51.472
51.330
55.288
50.741
52.001
50.713
55.796
51.636
53.458
50.207
51.122
50.886
52.754
54.582
53.053
51.280
55.158
50.960
55.713
50.774
51.230
51.613
50.273
54.569
51.158
50.983
50.111
50.110
50.148
50.123
50.160
50.213
56.024
50.623
50.586
55.302
52.233
56.633
52.149
50.362
56.288
51.131
62.154
50.605
56.348
50.185
53.266
50.371
55.072
50.687
51.317
55.136
51.640
50.964
52.127
51.051
51.266
50.156
58.214
50.281
50.713
50.126
50.157
50.270
53.582
51.006
50.802
50.312
52.752
52.910
51.014
56.249
50.119
50.058
50.610
50.823
51.210
51.684
53.051
51.534
51.646
50.218
52.459
55.385
50.981
56.218
50.867
52.330
50.123
53.099
54.577
51.298
53.540
54.258
50.793
50.046
51.935
50.106
50.373
50.426
50.220
52.580
50.338
50.062
50.612
50.258
55.877
50.878
51.670
51.617
50.304
51.496
50.147
51.686
51.327
56.921
51.742
55.580
51.313
50.903
51.250
53.105
60.602
50.347
58.081
50.358
50.927
53.143
52.143
51.394
55.808
50.951
57.698
50.773
50.647
50.941
51.500
50.934
52.404
52.596
55.826
50.535
50.515
50.681
53.377
51.791
50.852
51.965
56.968
50.185
52.345
50.401
50.837
51.170
50.187
50.623
50.482
54.678
55.944
50.064
50.581
56.634
61.737
50.244
50.686
50.198
50.930
50.859
51.070
51.706
54.453
50.848
54.505
50.548
50.744
51.787
50.328
51.070
50.966
51.250
51.349
52.268
50.316
51.932
52.015
52.459
51.365
51.632
50.834
52.204
50.825
50.808
51.500
53.564
50.104
53.737
50.434
51.451
53.554
51.291
50.704
51.532
50.250
50.278
52.669
50.468
50.745
53.686
51.102
53.842
50.499
51.846
50.502
50.963
55.606
50.903
50.789
50.875
54.668
50.282
56.557
51.028
53.056
51.092
51.154
51.681
50.790
58.056
50.397
53.772
50.220
52.438
52.463
56.942
52.664
51.020
52.572
50.223
51.355
51.260
54.909
54.865
51.381
54.104
51.371
51.506
55.201
55.331
51.707
50.780
56.555
50.156
50.274
50.172
50.428
50.879
50.057
50.536
50.274
51.639
50.146
50.214
50.707
52.199
50.364
57.041
50.281
56.479
50.289
52.678
50.732
53.707
50.392
51.945
50.365
55.190
50.643
50.898
50.679
50.485
54.574
50.482
51.831
56.432
50.749
50.179
53.356
50.708
50.906
51.104
52.047
50.066
53.695
52.983
52.086
50.155
50.328
50.317
55.675
50.518
54.751
51.333
50.904
50.742
50.068
50.030
51.284
50.368
51.495
51.595
55.285
50.084
51.584
50.626
51.280
50.230
50.226
50.866
51.604
52.741
50.845
57.762
50.045
54.924
51.836
52.222
50.954
54.715
52.068
50.065
50.169
54.509
52.930
50.611
53.046
50.221
50.537
55.826
50.468
52.625
50.605
52.902
51.687
51.580
52.846
52.254
50.604
51.116
52.557
51.063
50.623
50.491
50.282
54.518
58.568
51.553
53.058
51.808
50.691
51.932
50.274
55.047
52.647
50.791
50.116
52.615
50.778
50.732
50.644
56.469
53.903
51.668
52.810
51.072
50.064
50.905
57.604
57.361
50.339
55.841
50.429
50.813
55.947
51.182
50.218
50.696
