Elapsed Time with Thread usleep (ms)
55.798
46.815
49.169
49.919
49.091
50.700
49.222
53.588
46.341
50.007
49.326
51.468
47.867
53.139
52.365
50.241
48.662
46.969
49.123
54.703
45.694
52.618
47.530
48.969
53.277
46.096
51.734
49.758
49.085
53.774
48.327
49.895
46.978
50.735
53.648
49.145
47.279
53.076
45.953
53.964
46.539
50.049
57.562
41.414
64.332
41.869
43.965
59.979
39.474
50.878
55.577
43.810
54.591
44.932
52.885
52.635
47.276
51.505
50.931
46.021
53.467
49.279
50.691
49.147
53.006
44.034
52.348
52.038
49.078
51.947
49.228
47.701
52.973
45.264
55.343
44.301
52.405
44.470
54.635
45.701
56.073
45.214
54.923
42.973
50.635
49.346
55.648
56.787
48.527
39.241
50.608
60.871
38.942
58.009
42.743
55.911
48.677
51.326
42.869
54.796
43.930
57.753
50.253
46.806
52.677
49.328
51.961
49.830
49.065
42.855
57.714
42.337
55.569
44.018
57.786
49.389
42.072
52.994
52.284
51.275
43.705
55.259
50.532
56.061
45.331
45.362
51.467
55.935
39.943
59.430
39.437
58.997
42.465
53.427
45.552
55.867
48.184
46.580
50.984
53.721
45.004
54.260
46.901
51.918
50.194
49.410
52.904
43.217
49.868
50.717
49.239
50.759
55.174
44.918
53.380
48.458
52.914
46.456
52.063
46.886
54.303
46.526
50.047
50.103
53.780
44.146
50.111
48.781
53.340
45.529
55.560
45.036
54.635
47.413
54.723
42.355
56.524
44.295
49.759
50.003
50.098
51.877
53.752
48.989
50.945
43.437
56.303
47.195
51.144
45.496
51.986
46.979
51.312
48.426
52.783
48.166
49.646
54.834
45.318
49.711
50.313
50.614
55.265
44.030
50.880
48.899
51.746
48.101
52.794
49.742
48.428
47.555
51.197
50.381
52.381
47.643
48.917
49.360
53.604
47.137
54.536
46.250
49.133
52.555
49.328
50.999
49.471
50.456
45.872
53.634
46.740
52.660
48.593
49.618
53.225
47.924
48.612
48.522
51.575
50.182
55.322
48.111
45.487
52.707
49.264
47.641
51.925
63.915
35.436
54.205
43.244
55.708
51.229
45.736
51.168
51.057
44.740
55.810
44.125
51.723
54.466
52.281
41.376
53.250
61.364
38.867
54.770
47.017
46.916
54.035
42.811
57.881
42.304
57.740
46.941
47.115
48.722
51.152
48.609
49.224
49.723
60.889
39.155
51.880
53.553
51.195
51.784
41.391
57.822
50.318
41.059
56.075
54.842
49.239
41.639
48.028
55.828
52.969
47.809
44.379
58.413
40.302
57.571
42.487
59.957
40.446
52.001
55.254
50.672
41.891
58.970
47.277
49.277
48.387
50.615
52.891
41.792
50.327
55.926
49.982
51.595
51.811
48.453
47.615
51.733
42.238
59.598
40.425
58.333
51.780
45.595
48.941
44.191
53.806
52.656
51.886
46.097
50.235
44.752
59.677
39.883
55.249
54.628
50.021
47.228
52.100
49.672
50.290
43.828
50.697
50.904
48.960
49.945
62.206
33.920
53.700
51.531
49.062
51.300
48.774
49.282
52.469
48.276
47.725
50.695
46.851
51.089
56.581
41.659
53.344
55.446
41.323
55.006
44.157
51.257
49.656
49.504
56.769
48.744
44.181
55.105
47.374
47.203
54.894
49.272
46.504
49.633
52.781
51.256
52.140
46.228
53.574
50.565
42.250
51.654
54.020
43.880
58.033
46.228
52.365
48.344
46.703
51.179
47.845
49.851
50.805
48.715
49.154
49.793
50.877
50.720
48.639
50.379
49.958
51.842
49.096
49.060
49.966
50.838
52.383
48.455
46.990
54.071
49.446
49.566
48.644
50.487
55.273
44.377
48.780
50.660
53.206
45.870
52.749
51.143
46.661
55.445
43.726
49.898
50.025
55.958
42.940
55.045
44.839
56.937
44.003
52.900
48.146
50.621
51.004
52.210
44.745
48.572
57.226
43.937
49.528
51.087
50.830
50.682
46.764
58.106
41.791
54.827
44.606
56.351
43.867
58.151
41.390
54.137
49.249
51.093
50.868
50.685
43.916
56.775
42.760
50.978
57.871
40.863
54.061
45.844
52.570
47.793
50.062
66.781
33.575
49.116
61.643
46.052
41.815
56.855
48.523
52.594
41.788
55.531
50.610
44.768
51.154
48.228
51.017
49.385
52.709
51.951
53.533
40.486
55.861
53.620
49.050
43.498
54.275
50.557
54.489
38.552
56.271
50.788
43.816
58.123
40.557
50.240
55.025
52.949
51.597
41.227
54.593
46.055
54.874
42.707
58.350
49.057
53.610
45.672
44.487
54.767
51.808
49.368
52.610
47.196
42.560
57.073
43.176
55.220
51.544
43.913
54.500
49.791
52.301
50.506
50.547
41.223
57.890
48.885
50.841
41.920
56.844
47.955
51.231
49.373
45.176
55.572
42.949
59.244
40.416
55.387
52.925
48.667
45.515
55.869
50.315
46.069
52.218
49.530
51.114
51.279
47.740
48.536
47.983
53.432
43.935
50.453
52.113
52.021
46.212
54.838
42.850
57.100
47.017
51.504
43.876
56.535
50.588
48.155
46.571
54.005
43.938
56.217
45.604
54.212
47.637
52.996
43.261
57.915
46.517
47.783
53.485
50.706
49.175
44.591
49.036
50.706
53.180
51.202
50.567
46.830
50.514
46.652
56.556
48.894
44.365
52.021
49.050
51.716
47.763
49.095
51.468
50.473
47.600
49.918
55.005
46.684
53.068
48.867
45.765
54.206
45.988
49.734
52.085
52.116
45.658
54.638
48.013
47.084
54.245
46.055
50.560
48.719
51.937
52.232
45.973
57.200
47.449
45.235
49.812
50.574
52.136
47.773
51.257
54.543
48.147
46.993
51.137
47.831
51.736
52.062
44.937
54.875
45.125
49.778
53.877
49.662
49.187
48.829
53.068
47.918
49.580
54.361
44.978
47.801
55.815
46.408
48.131
50.003
55.211
51.176
42.679
52.645
47.193
55.550
48.649
52.649
52.021
41.168
49.913
70.004
30.575
52.410
47.315
54.268
49.940
51.132
43.702
53.138
49.946
55.013
41.795
55.765
49.320
51.592
42.955
56.054
43.830
54.180
51.743
52.114
41.588
57.293
42.766
51.356
48.961
55.828
52.825
43.844
46.952
55.195
51.504
52.127
49.919
40.334
52.593
49.765
56.234
41.452
57.336
47.388
56.499
38.287
58.574
47.064
44.565
50.083
57.118
44.674
53.137
52.897
49.740
49.951
45.172
53.082
51.838
49.681
53.058
48.080
48.797
52.233
45.838
49.786
51.075
43.572
52.469
49.689
52.002
46.940
50.226
51.003
51.431
49.735
51.369
48.253
48.433
50.825
50.292
50.423
58.902
35.316
55.408
55.121
46.178
43.639
59.060
44.924
46.701
51.233
59.811
43.125
64.328
34.783
47.632
58.231
44.696
49.818
50.130
55.774
58.137
30.232
55.524
51.914
44.092
51.172
46.995
56.748
44.529
53.443
48.898
50.582
52.024
46.308
53.768
48.921
49.176
50.533
45.765
49.296
53.519
52.059
46.130
53.416
49.243
51.201
43.649
50.232
56.924
52.143
44.929
45.823
52.991
48.056
52.838
49.910
50.662
45.894
54.252
45.947
51.889
51.168
50.583
62.148
39.774
44.092
50.720
51.103
49.075
47.628
54.696
52.087
47.077
50.038
48.879
49.041
48.778
54.252
44.246
50.909
49.490
50.392
49.677
52.291
48.056
49.476
53.801
47.816
49.276
47.431
53.467
48.903
49.012
50.262
51.596
51.004
46.823
49.088
53.868
50.181
46.719
51.282
47.675
52.290
52.966
51.631
43.730
51.092
50.352
50.507
47.418
49.639
55.063
50.038
46.707
48.938
52.872
50.120
49.791
46.178
57.053
41.823
53.312
47.350
50.023
51.958
56.051
42.513
49.863
51.467
51.057
51.563
50.043
49.846
46.006
48.132
58.693
52.862
45.149
48.925
52.030
51.770
41.042
55.983
43.478
52.146
47.990
58.671
43.371
47.568
54.718
50.630
43.919
56.313
49.819
53.345
40.399
55.859
51.969
42.464
61.414
45.704
42.950
49.967
51.064
52.848
45.528
58.188
50.142
48.844
50.171
46.808
48.225
54.769
48.831
48.205
51.348
51.172
54.284
37.717
58.860
50.101
48.580
53.350
40.375
54.634
47.493
54.235
52.475
39.504
50.538
52.372
49.796
54.836
49.626
51.901
41.498
58.609
40.450
59.841
45.176
51.203
48.002
50.944
49.698
52.225
42.342
51.417
51.184
51.935
46.488
51.154
50.293
51.746
47.812
50.239
51.642
48.825
50.065
50.789
50.489
49.861
49.493
49.028
51.833
49.901
49.337
48.366
51.758
